Train:
X.shape: (6272, 3, 200, 200)
y.shape: (6272,)
y value counts:  (array([0, 1], dtype=int32), array([3132, 3140]))
# Neural Network with 2623378 learnable parameters

## Layer information

name         size         total    cap.Y    cap.X    cov.Y    cov.X    filter Y    filter X    field Y    field X
-----------  ---------  -------  -------  -------  -------  -------  ----------  ----------  ---------  ---------
input0       3x200x200   120000   100.00   100.00   100.00   100.00         200         200        200        200
conv2d1      16x99x99    156816   100.00   100.00     2.50     2.50           5           5          5          5
conv2d2      16x99x99    156816    42.86    42.86     3.50     3.50           3           3          7          7
maxpool2d3   16x49x49     38416    42.86    42.86     3.50     3.50           3           3          7          7
conv2d4      32x49x49     76832    54.55    54.55     5.50     5.50           6           6         11         11
conv2d5      32x49x49     76832    40.00    40.00     7.50     7.50           6           6         15         15
maxpool2d6   32x24x24     18432    40.00    40.00     7.50     7.50           6           6         15         15
conv2d7      64x24x24     36864    52.17    52.17    11.50    11.50          12          12         23         23
conv2d8      64x24x24     36864    38.71    38.71    15.50    15.50          12          12         31         31
maxpool2d9   64x12x12      9216    38.71    38.71    15.50    15.50          12          12         31         31
conv2d10     128x12x12    18432    51.06    51.06    23.50    23.50          24          24         47         47
conv2d11     128x12x12    18432    38.10    38.10    31.50    31.50          24          24         63         63
maxpool2d12  128x6x6       4608    38.10    38.10    31.50    31.50          24          24         63         63
conv2d13     256x6x6       9216    50.53    50.53    47.50    47.50          48          48         95         95
conv2d14     256x6x6       9216    37.80    37.80    63.50    63.50          48          48        127        127
maxpool2d15  256x3x3       2304    37.80    37.80    63.50    63.50          48          48        127        127
dense16      512            512   100.00   100.00   100.00   100.00         200         200        200        200
dropout17    512            512   100.00   100.00   100.00   100.00         200         200        200        200
dense18      512            512   100.00   100.00   100.00   100.00         200         200        200        200
dense19      2                2   100.00   100.00   100.00   100.00         200         200        200        200

Explanation
    X, Y:    image dimensions
    cap.:    learning capacity
    cov.:    coverage of image
    [35mmagenta[0m: capacity too low (<1/6)
    [36mcyan[0m:    image coverage too high (>100%)
    [31mred[0m:     capacity too low and coverage too high


  epoch    train loss    valid loss    train/val    valid acc  dur
-------  ------------  ------------  -----------  -----------  -------
      1       [36m1.76551[0m       [32m1.74069[0m      1.01426      0.59476  447.37s
      2       [36m1.66362[0m       [32m1.59283[0m      1.04444      0.72679  448.84s
      3       [36m1.57740[0m       [32m1.54273[0m      1.02247      0.76971  451.21s
      4       [36m1.50790[0m       [32m1.52313[0m      0.99000      0.77341  445.96s
      5       [36m1.46649[0m       [32m1.43376[0m      1.02283      0.80563  448.77s
      6       [36m1.42578[0m       1.46632      0.97235      0.79116  448.50s
      7       [36m1.38761[0m       1.45966      0.95064      0.78704  448.66s
      8       [36m1.35109[0m       [32m1.34536[0m      1.00426      0.82590  448.15s
      9       [36m1.31032[0m       [32m1.33366[0m      0.98250      0.82883  447.79s
     10       [36m1.27177[0m       1.34928      0.94255      0.81922  446.54s
     11       [36m1.24414[0m       [32m1.26537[0m      0.98323      0.85322  446.91s
     12       [36m1.20098[0m       1.28098      0.93754      0.83252  446.22s
     13       [36m1.15326[0m       [32m1.24361[0m      0.92735      0.86022  446.16s
     14       [36m1.10376[0m       1.28825      0.85678      0.83816  446.76s
     15       [36m1.08377[0m       [32m1.16524[0m      0.93008      0.90262  446.53s
     16       [36m1.04589[0m       1.26850      0.82451      0.84834  446.41s
     17       [36m0.99762[0m       1.20555      0.82753      0.86103  446.23s
     18       [36m0.98025[0m       [32m1.10634[0m      0.88602      0.90575  446.65s
     19       [36m0.96562[0m       1.17294      0.82325      0.87353  446.27s
     20       [36m0.93244[0m       1.15992      0.80389      0.89772  446.24s
     21       [36m0.92119[0m       1.11671      0.82492      0.90885  446.03s
     22       [36m0.89266[0m       [32m1.09505[0m      0.81518      0.91880  447.07s
     23       [36m0.86849[0m       [32m1.07794[0m      0.80569      0.90007  446.49s
     24       [36m0.86608[0m       [32m1.04319[0m      0.83023      0.91392  446.35s
     25       [36m0.83750[0m       1.18808      0.70492      0.89285  446.48s
     26       [36m0.82171[0m       1.07939      0.76127      0.92272  446.73s
     27       [36m0.80318[0m       [32m1.02915[0m      0.78043      0.92291  446.22s
     28       0.80528       [32m0.98437[0m      0.81806      0.92701  446.42s
     29       [36m0.77806[0m       1.10556      0.70377      0.91451  446.49s
     30       [36m0.76887[0m       1.07936      0.71234      0.90416  446.20s
     31       [36m0.75697[0m       1.00026      0.75677      0.92194  446.55s
     32       0.76771       [32m0.96483[0m      0.79569      0.92623  448.06s
     33       [36m0.73275[0m       0.98826      0.74146      0.93172  446.12s
     34       [36m0.70861[0m       1.00264      0.70674      0.92216  445.75s
     35       0.70907       [32m0.93210[0m      0.76072      0.93307  445.89s
     36       [36m0.68751[0m       0.99570      0.69048      0.93267  446.11s
     37       [36m0.66927[0m       1.02155      0.65515      0.93736  446.23s
     38       0.67655       0.93852      0.72087      0.92583  446.22s
     39       0.67898       0.96289      0.70515      0.91688  446.15s
     40       [36m0.65946[0m       0.95941      0.68736      0.92720  448.59s
Early stopping.
Best valid loss was 0.932102 at epoch 35.
Loaded parameters to layer 'conv2d1' (shape 16x3x5x5).
Loaded parameters to layer 'conv2d1' (shape 16).
Loaded parameters to layer 'conv2d2' (shape 16x16x3x3).
Loaded parameters to layer 'conv2d2' (shape 16).
Loaded parameters to layer 'conv2d4' (shape 32x16x3x3).
Loaded parameters to layer 'conv2d4' (shape 32).
Loaded parameters to layer 'conv2d5' (shape 32x32x3x3).
Loaded parameters to layer 'conv2d5' (shape 32).
Loaded parameters to layer 'conv2d7' (shape 64x32x3x3).
Loaded parameters to layer 'conv2d7' (shape 64).
Loaded parameters to layer 'conv2d8' (shape 64x64x3x3).
Loaded parameters to layer 'conv2d8' (shape 64).
Loaded parameters to layer 'conv2d10' (shape 128x64x3x3).
Loaded parameters to layer 'conv2d10' (shape 128).
Loaded parameters to layer 'conv2d11' (shape 128x128x3x3).
Loaded parameters to layer 'conv2d11' (shape 128).
Loaded parameters to layer 'conv2d13' (shape 256x128x3x3).
Loaded parameters to layer 'conv2d13' (shape 256).
Loaded parameters to layer 'conv2d14' (shape 256x256x3x3).
Loaded parameters to layer 'conv2d14' (shape 256).
Loaded parameters to layer 'dense16' (shape 2304x512).
Loaded parameters to layer 'dense16' (shape 512).
Loaded parameters to layer 'dense18' (shape 512x512).
Loaded parameters to layer 'dense18' (shape 512).
Loaded parameters to layer 'dense19' (shape 512x2).
Loaded parameters to layer 'dense19' (shape 2).
Train set AUC ROC:  0.996317954788
Test:
X_test.shape: (992, 3, 200, 200)
