Train:
X.shape: (6272, 3, 200, 200)
y.shape: (6272,)
y value counts:  (array([0, 1], dtype=int32), array([3132, 3140]))
# Neural Network with 21785026 learnable parameters

## Layer information

name        size         total    cap.Y    cap.X    cov.Y    cov.X    filter Y    filter X    field Y    field X
----------  ---------  -------  -------  -------  -------  -------  ----------  ----------  ---------  ---------
input0      3x200x200   120000   100.00   100.00   100.00   100.00         200         200        200        200
conv2d1     96x48x48    221184   100.00   100.00     5.50     5.50          11          11         11         11
maxpool2d2  96x23x23     50784   100.00   100.00     5.50     5.50          11          11         11         11
conv2d3     256x19x19    92416    65.22    65.22    11.50    11.50          15          15         23         23
maxpool2d4  256x9x9      20736    65.22    65.22    11.50    11.50          15          15         23         23
conv2d5     64x9x9        5184    65.85    65.85    20.50    20.50          27          27         41         41
maxpool2d6  64x4x4        1024    65.85    65.85    20.50    20.50          27          27         41         41
dense7      4096          4096   100.00   100.00   100.00   100.00         200         200        200        200
dropout8    4096          4096   100.00   100.00   100.00   100.00         200         200        200        200
dense9      4096          4096   100.00   100.00   100.00   100.00         200         200        200        200
dropout10   4096          4096   100.00   100.00   100.00   100.00         200         200        200        200
dense11     2                2   100.00   100.00   100.00   100.00         200         200        200        200

Explanation
    X, Y:    image dimensions
    cap.:    learning capacity
    cov.:    coverage of image
    [35mmagenta[0m: capacity too low (<1/6)
    [36mcyan[0m:    image coverage too high (>100%)
    [31mred[0m:     capacity too low and coverage too high


  epoch    train loss    valid loss    train/val    valid acc  dur
-------  ------------  ------------  -----------  -----------  --------
      1       [36m3.59291[0m       [32m3.57189[0m      1.00588      0.69902  5325.01s
      2       [36m3.47120[0m       [32m3.41271[0m      1.01714      0.76519  5317.96s
Train set AUC ROC:  0.857332975409
Test:
X_test.shape: (992, 3, 200, 200)
