Train:
X.shape: (6250, 3, 200, 200)
y.shape: (6250,)
y value counts:  (array([0, 1], dtype=int32), array([3119, 3131]))
# Neural Network with 101511554 learnable parameters

## Layer information

name         size           total    cap.Y    cap.X    cov.Y    cov.X    filter Y    filter X    field Y    field X
-----------  -----------  -------  -------  -------  -------  -------  ----------  ----------  ---------  ---------
input0       3x200x200     120000   100.00   100.00   100.00   100.00         200         200        200        200
conv2d1      64x200x200   2560000   100.00   100.00     1.50     1.50           3           3          3          3
maxpool2d2   64x100x100    640000   100.00   100.00     1.50     1.50           3           3          3          3
conv2d3      128x100x100  1280000    85.71    85.71     3.50     3.50           6           6          7          7
maxpool2d4   128x50x50     320000    85.71    85.71     3.50     3.50           6           6          7          7
conv2d5      256x50x50     640000    80.00    80.00     7.50     7.50          12          12         15         15
conv2d6      256x50x50     640000    52.17    52.17    11.50    11.50          12          12         23         23
maxpool2d7   256x25x25     160000    52.17    52.17    11.50    11.50          12          12         23         23
conv2d8      512x25x25     320000    61.54    61.54    19.50    19.50          24          24         39         39
conv2d9      512x25x25     320000    43.64    43.64    27.50    27.50          24          24         55         55
maxpool2d10  512x12x12      73728    43.64    43.64    27.50    27.50          24          24         55         55
conv2d11     512x12x12      73728    55.17    55.17    43.50    43.50          48          48         87         87
conv2d12     512x12x12      73728    40.34    40.34    59.50    59.50          48          48        119        119
maxpool2d13  512x6x6        18432    40.34    40.34    59.50    59.50          48          48        119        119
dense14      4096            4096   100.00   100.00   100.00   100.00         200         200        200        200
dropout15    4096            4096   100.00   100.00   100.00   100.00         200         200        200        200
dense16      4096            4096   100.00   100.00   100.00   100.00         200         200        200        200
dense17      2                  2   100.00   100.00   100.00   100.00         200         200        200        200

Explanation
    X, Y:    image dimensions
    cap.:    learning capacity
    cov.:    coverage of image
    [35mmagenta[0m: capacity too low (<1/6)
    [36mcyan[0m:    image coverage too high (>100%)
    [31mred[0m:     capacity too low and coverage too high


  epoch    train loss    valid loss    train/val    valid acc  dur
-------  ------------  ------------  -----------  -----------  -------
      1       [36m4.62262[0m       [32m4.52989[0m      1.02047      0.67444  316.59s
      2       [36m4.49327[0m       [32m4.44762[0m      1.01027      0.73229  316.77s
      3       [36m4.40811[0m       [32m4.44480[0m      0.99175      0.75072  316.88s
      4       [36m4.34521[0m       [32m4.37734[0m      0.99266      0.78389  316.99s
      5       [36m4.29167[0m       [32m4.32721[0m      0.99179      0.79584  316.94s
      6       [36m4.23936[0m       [32m4.26633[0m      0.99368      0.82185  316.92s
      7       [36m4.18843[0m       [32m4.23637[0m      0.98868      0.82644  317.00s
      8       [36m4.14397[0m       [32m4.18820[0m      0.98944      0.83894  317.05s
      9       [36m4.10287[0m       [32m4.13269[0m      0.99279      0.85181  316.93s
     10       [36m4.05550[0m       [32m4.11741[0m      0.98496      0.85226  316.94s
     11       [36m4.00877[0m       4.11778      0.97353      0.84735  316.97s
     12       [36m3.96366[0m       [32m4.05915[0m      0.97648      0.86353  317.01s
     13       [36m3.91325[0m       [32m3.96772[0m      0.98627      0.88967  317.02s
     14       [36m3.87464[0m       [32m3.95612[0m      0.97940      0.88655  316.96s
     15       [36m3.82649[0m       [32m3.92385[0m      0.97519      0.89257  317.40s
     16       [36m3.78558[0m       [32m3.87592[0m      0.97669      0.90208  318.46s
